<?xml version="1.0" encoding="UTF-8"?>
<!-- Generated by org.testng.reporters.JUnitReportReporter -->
<testsuite hostname="QT-INHD-LT0805" failures="0" tests="1" name="Com.Selenium_FW.Adding_To_Cart" time="54.402" errors="0" timestamp="2022-11-25T07:07:58 IST" skipped="0">
  <testcase classname="Com.Selenium_FW.Adding_To_Cart" name="adding" time="54.402"/>
  <system-out/>
</testsuite> <!-- Com.Selenium_FW.Adding_To_Cart -->
