<?xml version="1.0" encoding="UTF-8"?>
<!-- Generated by org.testng.reporters.JUnitReportReporter -->
<testsuite hostname="QT-INHD-LT0805" failures="0" tests="1" name="Com.Selenium_FW.Standolone_Test" time="17.235" errors="0" timestamp="2022-11-21T11:25:33 IST" skipped="0">
  <testcase classname="Com.Selenium_FW.Standolone_Test" name="Sree" time="17.235"/>
  <system-out/>
</testsuite> <!-- Com.Selenium_FW.Standolone_Test -->
