<?xml version="1.0" encoding="UTF-8"?>
<!-- Generated by org.testng.reporters.JUnitReportReporter -->
<testsuite hostname="QT-INHD-LT0805" failures="0" tests="1" name="Com.Selenium_FW.Standolone_TestTest" time="0.009" errors="0" timestamp="2022-11-11T09:50:53 IST" skipped="0">
  <testcase classname="Com.Selenium_FW.Standolone_TestTest" name="f" time="0.009"/>
  <system-out/>
</testsuite> <!-- Com.Selenium_FW.Standolone_TestTest -->
